0 info it worked if it ends with ok
1 verbose cli [ '/usr/local/bin/node', '/usr/local/bin/npm', 'update' ]
2 info using npm@4.0.2
3 info using node@v6.9.1
4 silly mapToRegistry name grunt
5 silly mapToRegistry using default registry
6 silly mapToRegistry registry https://registry.npmjs.org/
7 silly mapToRegistry data Result {
7 silly mapToRegistry   raw: 'grunt',
7 silly mapToRegistry   scope: null,
7 silly mapToRegistry   escapedName: 'grunt',
7 silly mapToRegistry   name: 'grunt',
7 silly mapToRegistry   rawSpec: '',
7 silly mapToRegistry   spec: 'latest',
7 silly mapToRegistry   type: 'tag' }
8 silly mapToRegistry uri https://registry.npmjs.org/grunt
9 silly mapToRegistry name grunt-contrib-clean
10 silly mapToRegistry using default registry
11 silly mapToRegistry registry https://registry.npmjs.org/
12 silly mapToRegistry data Result {
12 silly mapToRegistry   raw: 'grunt-contrib-clean',
12 silly mapToRegistry   scope: null,
12 silly mapToRegistry   escapedName: 'grunt-contrib-clean',
12 silly mapToRegistry   name: 'grunt-contrib-clean',
12 silly mapToRegistry   rawSpec: '',
12 silly mapToRegistry   spec: 'latest',
12 silly mapToRegistry   type: 'tag' }
13 silly mapToRegistry uri https://registry.npmjs.org/grunt-contrib-clean
14 silly mapToRegistry name grunt-contrib-jshint
15 silly mapToRegistry using default registry
16 silly mapToRegistry registry https://registry.npmjs.org/
17 silly mapToRegistry data Result {
17 silly mapToRegistry   raw: 'grunt-contrib-jshint',
17 silly mapToRegistry   scope: null,
17 silly mapToRegistry   escapedName: 'grunt-contrib-jshint',
17 silly mapToRegistry   name: 'grunt-contrib-jshint',
17 silly mapToRegistry   rawSpec: '',
17 silly mapToRegistry   spec: 'latest',
17 silly mapToRegistry   type: 'tag' }
18 silly mapToRegistry uri https://registry.npmjs.org/grunt-contrib-jshint
19 silly mapToRegistry name grunt-contrib-uglify
20 silly mapToRegistry using default registry
21 silly mapToRegistry registry https://registry.npmjs.org/
22 silly mapToRegistry data Result {
22 silly mapToRegistry   raw: 'grunt-contrib-uglify',
22 silly mapToRegistry   scope: null,
22 silly mapToRegistry   escapedName: 'grunt-contrib-uglify',
22 silly mapToRegistry   name: 'grunt-contrib-uglify',
22 silly mapToRegistry   rawSpec: '',
22 silly mapToRegistry   spec: 'latest',
22 silly mapToRegistry   type: 'tag' }
23 silly mapToRegistry uri https://registry.npmjs.org/grunt-contrib-uglify
24 silly mapToRegistry name grunt-contrib-watch
25 silly mapToRegistry using default registry
26 silly mapToRegistry registry https://registry.npmjs.org/
27 silly mapToRegistry data Result {
27 silly mapToRegistry   raw: 'grunt-contrib-watch',
27 silly mapToRegistry   scope: null,
27 silly mapToRegistry   escapedName: 'grunt-contrib-watch',
27 silly mapToRegistry   name: 'grunt-contrib-watch',
27 silly mapToRegistry   rawSpec: '',
27 silly mapToRegistry   spec: 'latest',
27 silly mapToRegistry   type: 'tag' }
28 silly mapToRegistry uri https://registry.npmjs.org/grunt-contrib-watch
29 silly mapToRegistry name grunt-svgmin
30 silly mapToRegistry using default registry
31 silly mapToRegistry registry https://registry.npmjs.org/
32 silly mapToRegistry data Result {
32 silly mapToRegistry   raw: 'grunt-svgmin',
32 silly mapToRegistry   scope: null,
32 silly mapToRegistry   escapedName: 'grunt-svgmin',
32 silly mapToRegistry   name: 'grunt-svgmin',
32 silly mapToRegistry   rawSpec: '',
32 silly mapToRegistry   spec: 'latest',
32 silly mapToRegistry   type: 'tag' }
33 silly mapToRegistry uri https://registry.npmjs.org/grunt-svgmin
34 silly mapToRegistry name grunt-contrib-imagemin
35 silly mapToRegistry using default registry
36 silly mapToRegistry registry https://registry.npmjs.org/
37 silly mapToRegistry data Result {
37 silly mapToRegistry   raw: 'grunt-contrib-imagemin',
37 silly mapToRegistry   scope: null,
37 silly mapToRegistry   escapedName: 'grunt-contrib-imagemin',
37 silly mapToRegistry   name: 'grunt-contrib-imagemin',
37 silly mapToRegistry   rawSpec: '',
37 silly mapToRegistry   spec: 'latest',
37 silly mapToRegistry   type: 'tag' }
38 silly mapToRegistry uri https://registry.npmjs.org/grunt-contrib-imagemin
39 verbose request uri https://registry.npmjs.org/grunt-contrib-clean
40 verbose request no auth needed
41 info attempt registry request try #1 at 12:02:28 PM
42 verbose request id bdf9e5ea8b1106d9
43 verbose etag W/"58553065-7670"
44 verbose lastModified Sat, 17 Dec 2016 12:32:37 GMT
45 http request GET https://registry.npmjs.org/grunt-contrib-clean
46 verbose request uri https://registry.npmjs.org/grunt-contrib-uglify
47 verbose request no auth needed
48 info attempt registry request try #1 at 12:02:29 PM
49 verbose etag W/"5875d9bb-155ec"
50 verbose lastModified Wed, 11 Jan 2017 07:07:39 GMT
51 http request GET https://registry.npmjs.org/grunt-contrib-uglify
52 verbose request uri https://registry.npmjs.org/grunt
53 verbose request no auth needed
54 info attempt registry request try #1 at 12:02:29 PM
55 verbose etag W/"5878aece-18861"
56 verbose lastModified Fri, 13 Jan 2017 10:41:18 GMT
57 http request GET https://registry.npmjs.org/grunt
58 verbose request uri https://registry.npmjs.org/grunt-contrib-jshint
59 verbose request no auth needed
60 info attempt registry request try #1 at 12:02:29 PM
61 verbose etag W/"58614164-10f88"
62 verbose lastModified Mon, 26 Dec 2016 16:12:20 GMT
63 http request GET https://registry.npmjs.org/grunt-contrib-jshint
64 verbose request uri https://registry.npmjs.org/grunt-svgmin
65 verbose request no auth needed
66 info attempt registry request try #1 at 12:02:29 PM
67 verbose etag W/"57e019b7-5fb9"
68 verbose lastModified Mon, 19 Sep 2016 17:00:39 GMT
69 http request GET https://registry.npmjs.org/grunt-svgmin
70 verbose request uri https://registry.npmjs.org/grunt-contrib-watch
71 verbose request no auth needed
72 info attempt registry request try #1 at 12:02:29 PM
73 verbose etag W/"5874b28a-fb5c"
74 verbose lastModified Tue, 10 Jan 2017 10:08:10 GMT
75 http request GET https://registry.npmjs.org/grunt-contrib-watch
76 verbose request uri https://registry.npmjs.org/grunt-contrib-imagemin
77 verbose request no auth needed
78 info attempt registry request try #1 at 12:02:29 PM
79 verbose etag W/"5878f98e-f574"
80 verbose lastModified Fri, 13 Jan 2017 16:00:14 GMT
81 http request GET https://registry.npmjs.org/grunt-contrib-imagemin
82 http 304 https://registry.npmjs.org/grunt-contrib-jshint
83 verbose headers { date: 'Sat, 14 Jan 2017 03:02:29 GMT',
83 verbose headers   via: '1.1 varnish',
83 verbose headers   'cache-control': 'max-age=300',
83 verbose headers   etag: 'W/"58614164-10f88"',
83 verbose headers   age: '280',
83 verbose headers   connection: 'keep-alive',
83 verbose headers   'x-served-by': 'cache-nrt6125-NRT',
83 verbose headers   'x-cache': 'HIT',
83 verbose headers   'x-cache-hits': '1',
83 verbose headers   'x-timer': 'S1484362949.339680,VS0,VE0',
83 verbose headers   vary: 'Accept-Encoding' }
84 silly get cb [ 304,
84 silly get   { date: 'Sat, 14 Jan 2017 03:02:29 GMT',
84 silly get     via: '1.1 varnish',
84 silly get     'cache-control': 'max-age=300',
84 silly get     etag: 'W/"58614164-10f88"',
84 silly get     age: '280',
84 silly get     connection: 'keep-alive',
84 silly get     'x-served-by': 'cache-nrt6125-NRT',
84 silly get     'x-cache': 'HIT',
84 silly get     'x-cache-hits': '1',
84 silly get     'x-timer': 'S1484362949.339680,VS0,VE0',
84 silly get     vary: 'Accept-Encoding' } ]
85 verbose etag https://registry.npmjs.org/grunt-contrib-jshint from cache
86 verbose get saving grunt-contrib-jshint to /Users/kennethlau/.npm/registry.npmjs.org/grunt-contrib-jshint/.cache.json
87 verbose correctMkdir /Users/kennethlau/.npm correctMkdir not in flight; initializing
88 http 304 https://registry.npmjs.org/grunt-contrib-clean
89 verbose headers { date: 'Sat, 14 Jan 2017 03:02:29 GMT',
89 verbose headers   via: '1.1 varnish',
89 verbose headers   'cache-control': 'max-age=300',
89 verbose headers   etag: 'W/"58553065-7670"',
89 verbose headers   age: '271',
89 verbose headers   connection: 'keep-alive',
89 verbose headers   'x-served-by': 'cache-nrt6122-NRT',
89 verbose headers   'x-cache': 'HIT',
89 verbose headers   'x-cache-hits': '2',
89 verbose headers   'x-timer': 'S1484362949.346210,VS0,VE0',
89 verbose headers   vary: 'Accept-Encoding' }
90 silly get cb [ 304,
90 silly get   { date: 'Sat, 14 Jan 2017 03:02:29 GMT',
90 silly get     via: '1.1 varnish',
90 silly get     'cache-control': 'max-age=300',
90 silly get     etag: 'W/"58553065-7670"',
90 silly get     age: '271',
90 silly get     connection: 'keep-alive',
90 silly get     'x-served-by': 'cache-nrt6122-NRT',
90 silly get     'x-cache': 'HIT',
90 silly get     'x-cache-hits': '2',
90 silly get     'x-timer': 'S1484362949.346210,VS0,VE0',
90 silly get     vary: 'Accept-Encoding' } ]
91 verbose etag https://registry.npmjs.org/grunt-contrib-clean from cache
92 verbose get saving grunt-contrib-clean to /Users/kennethlau/.npm/registry.npmjs.org/grunt-contrib-clean/.cache.json
93 verbose correctMkdir /Users/kennethlau/.npm correctMkdir already in flight; waiting
94 http 304 https://registry.npmjs.org/grunt
95 verbose headers { date: 'Sat, 14 Jan 2017 03:02:29 GMT',
95 verbose headers   via: '1.1 varnish',
95 verbose headers   'cache-control': 'max-age=300',
95 verbose headers   etag: 'W/"5878aece-18861"',
95 verbose headers   age: '124',
95 verbose headers   connection: 'keep-alive',
95 verbose headers   'x-served-by': 'cache-nrt6132-NRT',
95 verbose headers   'x-cache': 'HIT',
95 verbose headers   'x-cache-hits': '1',
95 verbose headers   'x-timer': 'S1484362949.346033,VS0,VE0',
95 verbose headers   vary: 'Accept-Encoding' }
96 silly get cb [ 304,
96 silly get   { date: 'Sat, 14 Jan 2017 03:02:29 GMT',
96 silly get     via: '1.1 varnish',
96 silly get     'cache-control': 'max-age=300',
96 silly get     etag: 'W/"5878aece-18861"',
96 silly get     age: '124',
96 silly get     connection: 'keep-alive',
96 silly get     'x-served-by': 'cache-nrt6132-NRT',
96 silly get     'x-cache': 'HIT',
96 silly get     'x-cache-hits': '1',
96 silly get     'x-timer': 'S1484362949.346033,VS0,VE0',
96 silly get     vary: 'Accept-Encoding' } ]
97 verbose etag https://registry.npmjs.org/grunt from cache
98 verbose get saving grunt to /Users/kennethlau/.npm/registry.npmjs.org/grunt/.cache.json
99 verbose correctMkdir /Users/kennethlau/.npm correctMkdir already in flight; waiting
100 http 304 https://registry.npmjs.org/grunt-contrib-watch
101 verbose headers { date: 'Sat, 14 Jan 2017 03:02:29 GMT',
101 verbose headers   via: '1.1 varnish',
101 verbose headers   'cache-control': 'max-age=300',
101 verbose headers   etag: 'W/"5874b28a-fb5c"',
101 verbose headers   age: '115',
101 verbose headers   connection: 'keep-alive',
101 verbose headers   'x-served-by': 'cache-nrt6133-NRT',
101 verbose headers   'x-cache': 'HIT',
101 verbose headers   'x-cache-hits': '2',
101 verbose headers   'x-timer': 'S1484362949.352385,VS0,VE0',
101 verbose headers   vary: 'Accept-Encoding' }
102 silly get cb [ 304,
102 silly get   { date: 'Sat, 14 Jan 2017 03:02:29 GMT',
102 silly get     via: '1.1 varnish',
102 silly get     'cache-control': 'max-age=300',
102 silly get     etag: 'W/"5874b28a-fb5c"',
102 silly get     age: '115',
102 silly get     connection: 'keep-alive',
102 silly get     'x-served-by': 'cache-nrt6133-NRT',
102 silly get     'x-cache': 'HIT',
102 silly get     'x-cache-hits': '2',
102 silly get     'x-timer': 'S1484362949.352385,VS0,VE0',
102 silly get     vary: 'Accept-Encoding' } ]
103 verbose etag https://registry.npmjs.org/grunt-contrib-watch from cache
104 verbose get saving grunt-contrib-watch to /Users/kennethlau/.npm/registry.npmjs.org/grunt-contrib-watch/.cache.json
105 verbose correctMkdir /Users/kennethlau/.npm correctMkdir not in flight; initializing
106 http 304 https://registry.npmjs.org/grunt-contrib-imagemin
107 verbose headers { date: 'Sat, 14 Jan 2017 03:02:29 GMT',
107 verbose headers   via: '1.1 varnish',
107 verbose headers   'cache-control': 'max-age=300',
107 verbose headers   etag: 'W/"5878f98e-f574"',
107 verbose headers   age: '0',
107 verbose headers   connection: 'keep-alive',
107 verbose headers   'x-served-by': 'cache-nrt6122-NRT',
107 verbose headers   'x-cache': 'HIT',
107 verbose headers   'x-cache-hits': '1',
107 verbose headers   'x-timer': 'S1484362949.346202,VS0,VE110',
107 verbose headers   vary: 'Accept-Encoding' }
108 silly get cb [ 304,
108 silly get   { date: 'Sat, 14 Jan 2017 03:02:29 GMT',
108 silly get     via: '1.1 varnish',
108 silly get     'cache-control': 'max-age=300',
108 silly get     etag: 'W/"5878f98e-f574"',
108 silly get     age: '0',
108 silly get     connection: 'keep-alive',
108 silly get     'x-served-by': 'cache-nrt6122-NRT',
108 silly get     'x-cache': 'HIT',
108 silly get     'x-cache-hits': '1',
108 silly get     'x-timer': 'S1484362949.346202,VS0,VE110',
108 silly get     vary: 'Accept-Encoding' } ]
109 verbose etag https://registry.npmjs.org/grunt-contrib-imagemin from cache
110 verbose get saving grunt-contrib-imagemin to /Users/kennethlau/.npm/registry.npmjs.org/grunt-contrib-imagemin/.cache.json
111 verbose correctMkdir /Users/kennethlau/.npm correctMkdir not in flight; initializing
112 http 304 https://registry.npmjs.org/grunt-contrib-uglify
113 verbose headers { date: 'Sat, 14 Jan 2017 03:02:29 GMT',
113 verbose headers   via: '1.1 varnish',
113 verbose headers   'cache-control': 'max-age=300',
113 verbose headers   etag: 'W/"5875d9bb-155ec"',
113 verbose headers   age: '0',
113 verbose headers   connection: 'keep-alive',
113 verbose headers   'x-served-by': 'cache-nrt6135-NRT',
113 verbose headers   'x-cache': 'HIT',
113 verbose headers   'x-cache-hits': '1',
113 verbose headers   'x-timer': 'S1484362949.339059,VS0,VE547',
113 verbose headers   vary: 'Accept-Encoding' }
114 silly get cb [ 304,
114 silly get   { date: 'Sat, 14 Jan 2017 03:02:29 GMT',
114 silly get     via: '1.1 varnish',
114 silly get     'cache-control': 'max-age=300',
114 silly get     etag: 'W/"5875d9bb-155ec"',
114 silly get     age: '0',
114 silly get     connection: 'keep-alive',
114 silly get     'x-served-by': 'cache-nrt6135-NRT',
114 silly get     'x-cache': 'HIT',
114 silly get     'x-cache-hits': '1',
114 silly get     'x-timer': 'S1484362949.339059,VS0,VE547',
114 silly get     vary: 'Accept-Encoding' } ]
115 verbose etag https://registry.npmjs.org/grunt-contrib-uglify from cache
116 verbose get saving grunt-contrib-uglify to /Users/kennethlau/.npm/registry.npmjs.org/grunt-contrib-uglify/.cache.json
117 verbose correctMkdir /Users/kennethlau/.npm correctMkdir not in flight; initializing
118 http 304 https://registry.npmjs.org/grunt-svgmin
119 verbose headers { date: 'Sat, 14 Jan 2017 03:02:29 GMT',
119 verbose headers   via: '1.1 varnish',
119 verbose headers   'cache-control': 'max-age=300',
119 verbose headers   etag: 'W/"57e019b7-5fb9"',
119 verbose headers   age: '0',
119 verbose headers   connection: 'keep-alive',
119 verbose headers   'x-served-by': 'cache-nrt6129-NRT',
119 verbose headers   'x-cache': 'MISS',
119 verbose headers   'x-cache-hits': '0',
119 verbose headers   'x-timer': 'S1484362949.343607,VS0,VE617',
119 verbose headers   vary: 'Accept-Encoding' }
120 silly get cb [ 304,
120 silly get   { date: 'Sat, 14 Jan 2017 03:02:29 GMT',
120 silly get     via: '1.1 varnish',
120 silly get     'cache-control': 'max-age=300',
120 silly get     etag: 'W/"57e019b7-5fb9"',
120 silly get     age: '0',
120 silly get     connection: 'keep-alive',
120 silly get     'x-served-by': 'cache-nrt6129-NRT',
120 silly get     'x-cache': 'MISS',
120 silly get     'x-cache-hits': '0',
120 silly get     'x-timer': 'S1484362949.343607,VS0,VE617',
120 silly get     vary: 'Accept-Encoding' } ]
121 verbose etag https://registry.npmjs.org/grunt-svgmin from cache
122 verbose get saving grunt-svgmin to /Users/kennethlau/.npm/registry.npmjs.org/grunt-svgmin/.cache.json
123 verbose correctMkdir /Users/kennethlau/.npm correctMkdir not in flight; initializing
124 verbose outdated not updating grunt because it's currently at the maximum version that matches its specified semver range
125 verbose outdated not updating grunt-contrib-clean because it's currently at the maximum version that matches its specified semver range
126 verbose outdated not updating grunt-contrib-jshint because it's currently at the maximum version that matches its specified semver range
127 verbose outdated not updating grunt-contrib-uglify because it's currently at the maximum version that matches its specified semver range
128 verbose outdated not updating grunt-contrib-watch because it's currently at the maximum version that matches its specified semver range
129 verbose outdated not updating grunt-svgmin because it's currently at the maximum version that matches its specified semver range
130 info outdated updating [ { dep:
130 info outdated      { package: [Object],
130 info outdated        path: '/Users/kennethlau/Documents/git/tech-writing-blog',
130 info outdated        parent: [Object],
130 info outdated        isMissing: true },
130 info outdated     depname: 'grunt-contrib-imagemin',
130 info outdated     current: undefined,
130 info outdated     wanted: '0.2.1',
130 info outdated     latest: '1.0.1',
130 info outdated     req: '~0.2.0',
130 info outdated     what: 'grunt-contrib-imagemin@0.2.1' } ]
131 silly loadCurrentTree Starting
132 silly install loadCurrentTree
133 silly install readLocalPackageData
134 silly fetchPackageMetaData grunt-contrib-imagemin@0.2.1
135 silly fetchNamedPackageData grunt-contrib-imagemin
136 silly mapToRegistry name grunt-contrib-imagemin
137 silly mapToRegistry using default registry
138 silly mapToRegistry registry https://registry.npmjs.org/
139 silly mapToRegistry data Result {
139 silly mapToRegistry   raw: 'grunt-contrib-imagemin',
139 silly mapToRegistry   scope: null,
139 silly mapToRegistry   escapedName: 'grunt-contrib-imagemin',
139 silly mapToRegistry   name: 'grunt-contrib-imagemin',
139 silly mapToRegistry   rawSpec: '',
139 silly mapToRegistry   spec: 'latest',
139 silly mapToRegistry   type: 'tag' }
140 silly mapToRegistry uri https://registry.npmjs.org/grunt-contrib-imagemin
141 verbose get https://registry.npmjs.org/grunt-contrib-imagemin not expired, no request
142 silly install normalizeTree
143 silly loadCurrentTree Finishing
144 silly loadIdealTree Starting
145 silly install loadIdealTree
146 silly cloneCurrentTree Starting
147 silly install cloneCurrentTreeToIdealTree
148 silly cloneCurrentTree Finishing
149 silly loadShrinkwrap Starting
150 silly install loadShrinkwrap
151 silly loadShrinkwrap Finishing
152 silly loadAllDepsIntoIdealTree Starting
153 silly install loadAllDepsIntoIdealTree
154 silly resolveWithNewModule grunt-contrib-imagemin@0.2.1 checking installable status
155 silly cache add args [ 'grunt-contrib-imagemin@0.2.1', null ]
156 verbose cache add spec grunt-contrib-imagemin@0.2.1
157 silly cache add parsed spec Result {
157 silly cache add   raw: 'grunt-contrib-imagemin@0.2.1',
157 silly cache add   scope: null,
157 silly cache add   escapedName: 'grunt-contrib-imagemin',
157 silly cache add   name: 'grunt-contrib-imagemin',
157 silly cache add   rawSpec: '0.2.1',
157 silly cache add   spec: '0.2.1',
157 silly cache add   type: 'version' }
158 silly addNamed grunt-contrib-imagemin@0.2.1
159 verbose addNamed "0.2.1" is a plain semver version for grunt-contrib-imagemin
160 silly mapToRegistry name grunt-contrib-imagemin
161 silly mapToRegistry using default registry
162 silly mapToRegistry registry https://registry.npmjs.org/
163 silly mapToRegistry data Result {
163 silly mapToRegistry   raw: 'grunt-contrib-imagemin',
163 silly mapToRegistry   scope: null,
163 silly mapToRegistry   escapedName: 'grunt-contrib-imagemin',
163 silly mapToRegistry   name: 'grunt-contrib-imagemin',
163 silly mapToRegistry   rawSpec: '',
163 silly mapToRegistry   spec: 'latest',
163 silly mapToRegistry   type: 'tag' }
164 silly mapToRegistry uri https://registry.npmjs.org/grunt-contrib-imagemin
165 verbose addNameVersion registry:https://registry.npmjs.org/grunt-contrib-imagemin not in flight; fetching
166 verbose get https://registry.npmjs.org/grunt-contrib-imagemin not expired, no request
167 silly cache afterAdd grunt-contrib-imagemin@0.2.1
168 verbose afterAdd /Users/kennethlau/.npm/grunt-contrib-imagemin/0.2.1/package/package.json not in flight; writing
169 verbose correctMkdir /Users/kennethlau/.npm correctMkdir not in flight; initializing
170 verbose afterAdd /Users/kennethlau/.npm/grunt-contrib-imagemin/0.2.1/package/package.json written
171 silly fetchNamedPackageData gifsicle
172 silly mapToRegistry name gifsicle
173 silly mapToRegistry using default registry
174 silly mapToRegistry registry https://registry.npmjs.org/
175 silly mapToRegistry data Result {
175 silly mapToRegistry   raw: 'gifsicle',
175 silly mapToRegistry   scope: null,
175 silly mapToRegistry   escapedName: 'gifsicle',
175 silly mapToRegistry   name: 'gifsicle',
175 silly mapToRegistry   rawSpec: '',
175 silly mapToRegistry   spec: 'latest',
175 silly mapToRegistry   type: 'tag' }
176 silly mapToRegistry uri https://registry.npmjs.org/gifsicle
177 verbose request uri https://registry.npmjs.org/gifsicle
178 verbose request no auth needed
179 info attempt registry request try #1 at 12:02:30 PM
180 verbose etag W/"5822c3c9-7332"
181 verbose lastModified Wed, 09 Nov 2016 06:35:53 GMT
182 http request GET https://registry.npmjs.org/gifsicle
183 http 304 https://registry.npmjs.org/gifsicle
184 verbose headers { date: 'Sat, 14 Jan 2017 03:02:30 GMT',
184 verbose headers   via: '1.1 varnish',
184 verbose headers   'cache-control': 'max-age=300',
184 verbose headers   etag: 'W/"5822c3c9-7332"',
184 verbose headers   age: '105',
184 verbose headers   connection: 'keep-alive',
184 verbose headers   'x-served-by': 'cache-nrt6125-NRT',
184 verbose headers   'x-cache': 'HIT',
184 verbose headers   'x-cache-hits': '1',
184 verbose headers   'x-timer': 'S1484362950.465717,VS0,VE0',
184 verbose headers   vary: 'Accept-Encoding' }
185 silly get cb [ 304,
185 silly get   { date: 'Sat, 14 Jan 2017 03:02:30 GMT',
185 silly get     via: '1.1 varnish',
185 silly get     'cache-control': 'max-age=300',
185 silly get     etag: 'W/"5822c3c9-7332"',
185 silly get     age: '105',
185 silly get     connection: 'keep-alive',
185 silly get     'x-served-by': 'cache-nrt6125-NRT',
185 silly get     'x-cache': 'HIT',
185 silly get     'x-cache-hits': '1',
185 silly get     'x-timer': 'S1484362950.465717,VS0,VE0',
185 silly get     vary: 'Accept-Encoding' } ]
186 verbose etag https://registry.npmjs.org/gifsicle from cache
187 verbose get saving gifsicle to /Users/kennethlau/.npm/registry.npmjs.org/gifsicle/.cache.json
188 verbose correctMkdir /Users/kennethlau/.npm correctMkdir not in flight; initializing
189 silly resolveWithNewModule gifsicle@0.1.7 checking installable status
190 silly cache add args [ 'gifsicle@~0.1.0', null ]
191 verbose cache add spec gifsicle@~0.1.0
192 silly cache add parsed spec Result {
192 silly cache add   raw: 'gifsicle@~0.1.0',
192 silly cache add   scope: null,
192 silly cache add   escapedName: 'gifsicle',
192 silly cache add   name: 'gifsicle',
192 silly cache add   rawSpec: '~0.1.0',
192 silly cache add   spec: '>=0.1.0 <0.2.0',
192 silly cache add   type: 'range' }
193 silly addNamed gifsicle@>=0.1.0 <0.2.0
194 verbose addNamed ">=0.1.0 <0.2.0" is a valid semver range for gifsicle
195 silly addNameRange { name: 'gifsicle', range: '>=0.1.0 <0.2.0', hasData: false }
196 silly mapToRegistry name gifsicle
197 silly mapToRegistry using default registry
198 silly mapToRegistry registry https://registry.npmjs.org/
199 silly mapToRegistry data Result {
199 silly mapToRegistry   raw: 'gifsicle',
199 silly mapToRegistry   scope: null,
199 silly mapToRegistry   escapedName: 'gifsicle',
199 silly mapToRegistry   name: 'gifsicle',
199 silly mapToRegistry   rawSpec: '',
199 silly mapToRegistry   spec: 'latest',
199 silly mapToRegistry   type: 'tag' }
200 silly mapToRegistry uri https://registry.npmjs.org/gifsicle
201 verbose addNameRange registry:https://registry.npmjs.org/gifsicle not in flight; fetching
202 verbose get https://registry.npmjs.org/gifsicle not expired, no request
203 silly addNameRange number 2 { name: 'gifsicle', range: '>=0.1.0 <0.2.0', hasData: true }
204 silly addNameRange versions [ 'gifsicle',
204 silly addNameRange   [ '0.1.0',
204 silly addNameRange     '0.1.1',
204 silly addNameRange     '0.1.2',
204 silly addNameRange     '0.1.3',
204 silly addNameRange     '0.1.4',
204 silly addNameRange     '0.1.5',
204 silly addNameRange     '0.1.6',
204 silly addNameRange     '0.1.7',
204 silly addNameRange     '1.0.0',
204 silly addNameRange     '1.0.1',
204 silly addNameRange     '1.0.2',
204 silly addNameRange     '1.0.3',
204 silly addNameRange     '2.0.0',
204 silly addNameRange     '2.0.1',
204 silly addNameRange     '3.0.0',
204 silly addNameRange     '3.0.1',
204 silly addNameRange     '3.0.2',
204 silly addNameRange     '3.0.3',
204 silly addNameRange     '3.0.4' ] ]
205 silly addNamed gifsicle@0.1.7
206 verbose addNamed "0.1.7" is a plain semver version for gifsicle
207 silly cache afterAdd gifsicle@0.1.7
208 verbose afterAdd /Users/kennethlau/.npm/gifsicle/0.1.7/package/package.json not in flight; writing
209 verbose correctMkdir /Users/kennethlau/.npm correctMkdir not in flight; initializing
210 verbose afterAdd /Users/kennethlau/.npm/gifsicle/0.1.7/package/package.json written
211 silly loadAllDepsIntoIdealTree Finishing
212 silly loadIdealTree Finishing
213 silly currentTree so-simple-theme@
213 silly currentTree ├── abbrev@1.0.9
213 silly currentTree ├── adm-zip@0.4.7
213 silly currentTree ├── amdefine@1.0.1
213 silly currentTree ├── ansi-regex@2.0.0
213 silly currentTree ├── ansi-styles@0.2.0
213 silly currentTree ├─┬ argparse@0.1.16
213 silly currentTree │ └── underscore.string@2.4.0
213 silly currentTree ├── asn1@0.2.3
213 silly currentTree ├── assert-plus@0.2.0
213 silly currentTree ├── async@0.1.22
213 silly currentTree ├── asynckit@0.4.0
213 silly currentTree ├── aws-sign2@0.6.0
213 silly currentTree ├── aws4@1.5.0
213 silly currentTree ├── bcrypt-pbkdf@1.0.0
213 silly currentTree ├── bin-build@0.1.1
213 silly currentTree ├── bin-check@0.1.5
213 silly currentTree ├── bin-wrapper@0.3.4
213 silly currentTree ├── block-stream@0.0.9
213 silly currentTree ├── boom@2.10.1
213 silly currentTree ├── camelcase@1.2.1
213 silly currentTree ├── caseless@0.11.0
213 silly currentTree ├── chalk@0.2.1
213 silly currentTree ├── cli@0.4.5
213 silly currentTree ├── coa@0.3.9
213 silly currentTree ├── coffee-script@1.3.3
213 silly currentTree ├── colors@0.6.2
213 silly currentTree ├── combined-stream@1.0.5
213 silly currentTree ├── commander@2.9.0
213 silly currentTree ├── console-browserify@0.1.6
213 silly currentTree ├── core-util-is@1.0.2
213 silly currentTree ├── cryptiles@2.0.5
213 silly currentTree ├─┬ dashdash@1.14.1
213 silly currentTree │ └── assert-plus@1.0.0
213 silly currentTree ├── dateformat@1.0.2-1.2.3
213 silly currentTree ├── debug@0.7.4
213 silly currentTree ├── decamelize@1.2.0
213 silly currentTree ├─┬ decompress@0.2.5
213 silly currentTree │ └── nopt@2.2.1
213 silly currentTree ├── delayed-stream@1.0.0
213 silly currentTree ├─┬ download@0.1.19
213 silly currentTree │ └── nopt@2.2.1
213 silly currentTree ├── duplexer@0.1.1
213 silly currentTree ├── each-async@0.1.3
213 silly currentTree ├── ecc-jsbn@0.1.1
213 silly currentTree ├── escape-string-regexp@1.0.5
213 silly currentTree ├── esprima@1.0.4
213 silly currentTree ├── eventemitter2@0.4.14
213 silly currentTree ├── executable@0.1.3
213 silly currentTree ├── exit@0.1.2
213 silly currentTree ├── ext-list@0.2.0
213 silly currentTree ├─┬ ext-name@1.0.1
213 silly currentTree │ └── underscore.string@2.3.3
213 silly currentTree ├── extend@3.0.0
213 silly currentTree ├── extsprintf@1.0.2
213 silly currentTree ├── faye-websocket@0.4.4
213 silly currentTree ├── filesize@1.10.0
213 silly currentTree ├── find-file@0.1.4
213 silly currentTree ├─┬ findup-sync@0.1.3
213 silly currentTree │ ├── glob@3.2.11
213 silly currentTree │ ├── lodash@2.4.2
213 silly currentTree │ └── minimatch@0.3.0
213 silly currentTree ├── forever-agent@0.6.1
213 silly currentTree ├── form-data@2.1.2
213 silly currentTree ├─┬ fstream@0.1.31
213 silly currentTree │ ├── graceful-fs@3.0.11
213 silly currentTree │ └── mkdirp@0.5.1
213 silly currentTree ├── gaze@0.4.3
213 silly currentTree ├── generate-function@2.0.0
213 silly currentTree ├── generate-object-property@1.2.0
213 silly currentTree ├── get-stdin@0.1.0
213 silly currentTree ├── get-urls@0.1.2
213 silly currentTree ├── getobject@0.1.0
213 silly currentTree ├─┬ getpass@0.1.6
213 silly currentTree │ └── assert-plus@1.0.0
213 silly currentTree ├─┬ glob@3.1.21
213 silly currentTree │ └── inherits@1.0.2
213 silly currentTree ├─┬ globule@0.1.0
213 silly currentTree │ └── lodash@1.0.2
213 silly currentTree ├── got@0.2.0
213 silly currentTree ├── graceful-fs@1.2.3
213 silly currentTree ├── graceful-readlink@1.0.1
213 silly currentTree ├── grunt-contrib-clean@0.5.0
213 silly currentTree ├── grunt-contrib-jshint@0.6.5
213 silly currentTree ├── grunt-contrib-uglify@0.2.7
213 silly currentTree ├── grunt-contrib-watch@0.5.3
213 silly currentTree ├─┬ grunt-legacy-log-utils@0.1.1
213 silly currentTree │ ├── lodash@2.4.2
213 silly currentTree │ └── underscore.string@2.3.3
213 silly currentTree ├─┬ grunt-legacy-log@0.1.3
213 silly currentTree │ ├── lodash@2.4.2
213 silly currentTree │ └── underscore.string@2.3.3
213 silly currentTree ├── grunt-legacy-util@0.2.0
213 silly currentTree ├── grunt-lib-contrib@0.6.1
213 silly currentTree ├─┬ grunt-svgmin@0.2.1
213 silly currentTree │ ├── chalk@0.3.0
213 silly currentTree │ └── filesize@2.0.4
213 silly currentTree ├── grunt@0.4.5
213 silly currentTree ├─┬ har-validator@2.0.6
213 silly currentTree │ ├── ansi-styles@2.2.1
213 silly currentTree │ └── chalk@1.1.3
213 silly currentTree ├── has-ansi@2.0.0
213 silly currentTree ├── has-color@0.1.7
213 silly currentTree ├── hawk@3.1.3
213 silly currentTree ├── hoek@2.16.3
213 silly currentTree ├── hooker@0.2.3
213 silly currentTree ├── http-signature@1.1.1
213 silly currentTree ├── iconv-lite@0.2.11
213 silly currentTree ├── inherits@2.0.3
213 silly currentTree ├── is-my-json-valid@2.15.0
213 silly currentTree ├── is-property@1.0.2
213 silly currentTree ├── is-typedarray@1.0.0
213 silly currentTree ├── isarray@0.0.1
213 silly currentTree ├── isstream@0.1.2
213 silly currentTree ├── jodid25519@1.0.2
213 silly currentTree ├── jpegtran-bin@0.2.8
213 silly currentTree ├── js-yaml@2.0.5
213 silly currentTree ├── jsbn@0.1.0
213 silly currentTree ├─┬ jshint@2.1.11
213 silly currentTree │ └── underscore@1.4.4
213 silly currentTree ├── json-schema@0.2.3
213 silly currentTree ├── json-stringify-safe@5.0.1
213 silly currentTree ├── jsonpointer@4.0.1
213 silly currentTree ├── jsprim@1.3.1
213 silly currentTree ├── lodash@0.9.2
213 silly currentTree ├─┬ log-symbols@1.0.2
213 silly currentTree │ ├── ansi-styles@2.2.1
213 silly currentTree │ └── chalk@1.1.3
213 silly currentTree ├── lru-cache@2.7.3
213 silly currentTree ├── mime-db@1.25.0
213 silly currentTree ├── mime-types@2.1.13
213 silly currentTree ├── minimatch@0.2.14
213 silly currentTree ├── minimist@0.0.8
213 silly currentTree ├── mkdirp@0.3.5
213 silly currentTree ├── mout@0.9.1
213 silly currentTree ├── natives@1.1.0
213 silly currentTree ├── nopt@1.0.10
213 silly currentTree ├─┬ noptify@0.0.3
213 silly currentTree │ └── nopt@2.0.0
213 silly currentTree ├── oauth-sign@0.8.2
213 silly currentTree ├── object-assign@0.3.1
213 silly currentTree ├── object-keys@0.4.0
213 silly currentTree ├── optipng-bin@0.3.11
213 silly currentTree ├── pinkie-promise@2.0.1
213 silly currentTree ├── pinkie@2.0.4
213 silly currentTree ├─┬ pngquant-bin@0.1.7
213 silly currentTree │ ├── ansi-styles@1.0.0
213 silly currentTree │ ├── bin-wrapper@0.2.4
213 silly currentTree │ ├── chalk@0.4.0
213 silly currentTree │ └── strip-ansi@0.1.1
213 silly currentTree ├── punycode@1.4.1
213 silly currentTree ├── q@0.8.12
213 silly currentTree ├── qs@6.3.0
213 silly currentTree ├── readable-stream@1.0.34
213 silly currentTree ├─┬ request@2.79.0
213 silly currentTree │ └── uuid@3.0.1
213 silly currentTree ├── rimraf@2.2.8
213 silly currentTree ├── sax@0.5.8
213 silly currentTree ├── shelljs@0.1.4
213 silly currentTree ├── sigmund@1.0.1
213 silly currentTree ├── sntp@1.0.9
213 silly currentTree ├── source-map@0.1.34
213 silly currentTree ├── sprintf-js@1.0.3
213 silly currentTree ├─┬ sshpk@1.10.1
213 silly currentTree │ └── assert-plus@1.0.0
213 silly currentTree ├── stream-combiner@0.0.4
213 silly currentTree ├── string_decoder@0.10.31
213 silly currentTree ├── stringstream@0.0.5
213 silly currentTree ├── strip-ansi@3.0.1
213 silly currentTree ├── supports-color@2.0.0
213 silly currentTree ├─┬ svgo@0.3.7
213 silly currentTree │ ├── argparse@1.0.9
213 silly currentTree │ ├── esprima@2.7.3
213 silly currentTree │ └── js-yaml@3.7.0
213 silly currentTree ├── tar@0.1.20
213 silly currentTree ├── tempfile@0.1.3
213 silly currentTree ├─┬ through2@0.4.2
213 silly currentTree │ └── xtend@2.1.2
213 silly currentTree ├─┬ tiny-lr@0.0.4
213 silly currentTree │ └── qs@0.5.6
213 silly currentTree ├── tough-cookie@2.3.2
213 silly currentTree ├── tunnel-agent@0.4.3
213 silly currentTree ├── tweetnacl@0.14.5
213 silly currentTree ├─┬ uglify-js@2.4.24
213 silly currentTree │ └── async@0.2.10
213 silly currentTree ├── uglify-to-browserify@1.0.2
213 silly currentTree ├── underscore.string@2.2.1
213 silly currentTree ├── underscore@1.7.0
213 silly currentTree ├── uuid@1.4.2
213 silly currentTree ├── verror@1.3.6
213 silly currentTree ├── whet.extend@0.9.9
213 silly currentTree ├── which@1.0.9
213 silly currentTree ├── window-size@0.1.0
213 silly currentTree ├── wordwrap@0.0.2
213 silly currentTree ├── xtend@4.0.1
213 silly currentTree ├── yargs@3.5.4
213 silly currentTree └── zlib-browserify@0.0.1
214 silly idealTree so-simple-theme@
214 silly idealTree ├── abbrev@1.0.9
214 silly idealTree ├── adm-zip@0.4.7
214 silly idealTree ├── amdefine@1.0.1
214 silly idealTree ├── ansi-regex@2.0.0
214 silly idealTree ├── ansi-styles@0.2.0
214 silly idealTree ├─┬ argparse@0.1.16
214 silly idealTree │ └── underscore.string@2.4.0
214 silly idealTree ├── asn1@0.2.3
214 silly idealTree ├── assert-plus@0.2.0
214 silly idealTree ├── async@0.1.22
214 silly idealTree ├── asynckit@0.4.0
214 silly idealTree ├── aws-sign2@0.6.0
214 silly idealTree ├── aws4@1.5.0
214 silly idealTree ├── bcrypt-pbkdf@1.0.0
214 silly idealTree ├── bin-build@0.1.1
214 silly idealTree ├── bin-check@0.1.5
214 silly idealTree ├── bin-wrapper@0.3.4
214 silly idealTree ├── block-stream@0.0.9
214 silly idealTree ├── boom@2.10.1
214 silly idealTree ├── camelcase@1.2.1
214 silly idealTree ├── caseless@0.11.0
214 silly idealTree ├── chalk@0.2.1
214 silly idealTree ├── cli@0.4.5
214 silly idealTree ├── coa@0.3.9
214 silly idealTree ├── coffee-script@1.3.3
214 silly idealTree ├── colors@0.6.2
214 silly idealTree ├── combined-stream@1.0.5
214 silly idealTree ├── commander@2.9.0
214 silly idealTree ├── console-browserify@0.1.6
214 silly idealTree ├── core-util-is@1.0.2
214 silly idealTree ├── cryptiles@2.0.5
214 silly idealTree ├─┬ dashdash@1.14.1
214 silly idealTree │ └── assert-plus@1.0.0
214 silly idealTree ├── dateformat@1.0.2-1.2.3
214 silly idealTree ├── debug@0.7.4
214 silly idealTree ├── decamelize@1.2.0
214 silly idealTree ├─┬ decompress@0.2.5
214 silly idealTree │ └── nopt@2.2.1
214 silly idealTree ├── delayed-stream@1.0.0
214 silly idealTree ├─┬ download@0.1.19
214 silly idealTree │ └── nopt@2.2.1
214 silly idealTree ├── duplexer@0.1.1
214 silly idealTree ├── each-async@0.1.3
214 silly idealTree ├── ecc-jsbn@0.1.1
214 silly idealTree ├── escape-string-regexp@1.0.5
214 silly idealTree ├── esprima@1.0.4
214 silly idealTree ├── eventemitter2@0.4.14
214 silly idealTree ├── executable@0.1.3
214 silly idealTree ├── exit@0.1.2
214 silly idealTree ├── ext-list@0.2.0
214 silly idealTree ├─┬ ext-name@1.0.1
214 silly idealTree │ └── underscore.string@2.3.3
214 silly idealTree ├── extend@3.0.0
214 silly idealTree ├── extsprintf@1.0.2
214 silly idealTree ├── faye-websocket@0.4.4
214 silly idealTree ├── filesize@1.10.0
214 silly idealTree ├── find-file@0.1.4
214 silly idealTree ├─┬ findup-sync@0.1.3
214 silly idealTree │ ├── glob@3.2.11
214 silly idealTree │ ├── lodash@2.4.2
214 silly idealTree │ └── minimatch@0.3.0
214 silly idealTree ├── forever-agent@0.6.1
214 silly idealTree ├── form-data@2.1.2
214 silly idealTree ├─┬ fstream@0.1.31
214 silly idealTree │ ├── graceful-fs@3.0.11
214 silly idealTree │ └── mkdirp@0.5.1
214 silly idealTree ├── gaze@0.4.3
214 silly idealTree ├── generate-function@2.0.0
214 silly idealTree ├── generate-object-property@1.2.0
214 silly idealTree ├── get-stdin@0.1.0
214 silly idealTree ├── get-urls@0.1.2
214 silly idealTree ├── getobject@0.1.0
214 silly idealTree ├─┬ getpass@0.1.6
214 silly idealTree │ └── assert-plus@1.0.0
214 silly idealTree ├── gifsicle@0.1.7
214 silly idealTree ├─┬ glob@3.1.21
214 silly idealTree │ └── inherits@1.0.2
214 silly idealTree ├─┬ globule@0.1.0
214 silly idealTree │ └── lodash@1.0.2
214 silly idealTree ├── got@0.2.0
214 silly idealTree ├── graceful-fs@1.2.3
214 silly idealTree ├── graceful-readlink@1.0.1
214 silly idealTree ├── grunt-contrib-clean@0.5.0
214 silly idealTree ├── grunt-contrib-imagemin@0.2.1
214 silly idealTree ├── grunt-contrib-jshint@0.6.5
214 silly idealTree ├── grunt-contrib-uglify@0.2.7
214 silly idealTree ├── grunt-contrib-watch@0.5.3
214 silly idealTree ├─┬ grunt-legacy-log-utils@0.1.1
214 silly idealTree │ ├── lodash@2.4.2
214 silly idealTree │ └── underscore.string@2.3.3
214 silly idealTree ├─┬ grunt-legacy-log@0.1.3
214 silly idealTree │ ├── lodash@2.4.2
214 silly idealTree │ └── underscore.string@2.3.3
214 silly idealTree ├── grunt-legacy-util@0.2.0
214 silly idealTree ├── grunt-lib-contrib@0.6.1
214 silly idealTree ├─┬ grunt-svgmin@0.2.1
214 silly idealTree │ ├── chalk@0.3.0
214 silly idealTree │ └── filesize@2.0.4
214 silly idealTree ├── grunt@0.4.5
214 silly idealTree ├─┬ har-validator@2.0.6
214 silly idealTree │ ├── ansi-styles@2.2.1
214 silly idealTree │ └── chalk@1.1.3
214 silly idealTree ├── has-ansi@2.0.0
214 silly idealTree ├── has-color@0.1.7
214 silly idealTree ├── hawk@3.1.3
214 silly idealTree ├── hoek@2.16.3
214 silly idealTree ├── hooker@0.2.3
214 silly idealTree ├── http-signature@1.1.1
214 silly idealTree ├── iconv-lite@0.2.11
214 silly idealTree ├── inherits@2.0.3
214 silly idealTree ├── is-my-json-valid@2.15.0
214 silly idealTree ├── is-property@1.0.2
214 silly idealTree ├── is-typedarray@1.0.0
214 silly idealTree ├── isarray@0.0.1
214 silly idealTree ├── isstream@0.1.2
214 silly idealTree ├── jodid25519@1.0.2
214 silly idealTree ├── jpegtran-bin@0.2.8
214 silly idealTree ├── js-yaml@2.0.5
214 silly idealTree ├── jsbn@0.1.0
214 silly idealTree ├─┬ jshint@2.1.11
214 silly idealTree │ └── underscore@1.4.4
214 silly idealTree ├── json-schema@0.2.3
214 silly idealTree ├── json-stringify-safe@5.0.1
214 silly idealTree ├── jsonpointer@4.0.1
214 silly idealTree ├── jsprim@1.3.1
214 silly idealTree ├── lodash@0.9.2
214 silly idealTree ├─┬ log-symbols@1.0.2
214 silly idealTree │ ├── ansi-styles@2.2.1
214 silly idealTree │ └── chalk@1.1.3
214 silly idealTree ├── lru-cache@2.7.3
214 silly idealTree ├── mime-db@1.25.0
214 silly idealTree ├── mime-types@2.1.13
214 silly idealTree ├── minimatch@0.2.14
214 silly idealTree ├── minimist@0.0.8
214 silly idealTree ├── mkdirp@0.3.5
214 silly idealTree ├── mout@0.9.1
214 silly idealTree ├── natives@1.1.0
214 silly idealTree ├── nopt@1.0.10
214 silly idealTree ├─┬ noptify@0.0.3
214 silly idealTree │ └── nopt@2.0.0
214 silly idealTree ├── oauth-sign@0.8.2
214 silly idealTree ├── object-assign@0.3.1
214 silly idealTree ├── object-keys@0.4.0
214 silly idealTree ├── optipng-bin@0.3.11
214 silly idealTree ├── pinkie-promise@2.0.1
214 silly idealTree ├── pinkie@2.0.4
214 silly idealTree ├─┬ pngquant-bin@0.1.7
214 silly idealTree │ ├── ansi-styles@1.0.0
214 silly idealTree │ ├── bin-wrapper@0.2.4
214 silly idealTree │ ├── chalk@0.4.0
214 silly idealTree │ └── strip-ansi@0.1.1
214 silly idealTree ├── punycode@1.4.1
214 silly idealTree ├── q@0.8.12
214 silly idealTree ├── qs@6.3.0
214 silly idealTree ├── readable-stream@1.0.34
214 silly idealTree ├─┬ request@2.79.0
214 silly idealTree │ └── uuid@3.0.1
214 silly idealTree ├── rimraf@2.2.8
214 silly idealTree ├── sax@0.5.8
214 silly idealTree ├── shelljs@0.1.4
214 silly idealTree ├── sigmund@1.0.1
214 silly idealTree ├── sntp@1.0.9
214 silly idealTree ├── source-map@0.1.34
214 silly idealTree ├── sprintf-js@1.0.3
214 silly idealTree ├─┬ sshpk@1.10.1
214 silly idealTree │ └── assert-plus@1.0.0
214 silly idealTree ├── stream-combiner@0.0.4
214 silly idealTree ├── string_decoder@0.10.31
214 silly idealTree ├── stringstream@0.0.5
214 silly idealTree ├── strip-ansi@3.0.1
214 silly idealTree ├── supports-color@2.0.0
214 silly idealTree ├─┬ svgo@0.3.7
214 silly idealTree │ ├── argparse@1.0.9
214 silly idealTree │ ├── esprima@2.7.3
214 silly idealTree │ └── js-yaml@3.7.0
214 silly idealTree ├── tar@0.1.20
214 silly idealTree ├── tempfile@0.1.3
214 silly idealTree ├─┬ through2@0.4.2
214 silly idealTree │ └── xtend@2.1.2
214 silly idealTree ├─┬ tiny-lr@0.0.4
214 silly idealTree │ └── qs@0.5.6
214 silly idealTree ├── tough-cookie@2.3.2
214 silly idealTree ├── tunnel-agent@0.4.3
214 silly idealTree ├── tweetnacl@0.14.5
214 silly idealTree ├─┬ uglify-js@2.4.24
214 silly idealTree │ └── async@0.2.10
214 silly idealTree ├── uglify-to-browserify@1.0.2
214 silly idealTree ├── underscore.string@2.2.1
214 silly idealTree ├── underscore@1.7.0
214 silly idealTree ├── uuid@1.4.2
214 silly idealTree ├── verror@1.3.6
214 silly idealTree ├── whet.extend@0.9.9
214 silly idealTree ├── which@1.0.9
214 silly idealTree ├── window-size@0.1.0
214 silly idealTree ├── wordwrap@0.0.2
214 silly idealTree ├── xtend@4.0.1
214 silly idealTree ├── yargs@3.5.4
214 silly idealTree └── zlib-browserify@0.0.1
215 silly generateActionsToTake Starting
216 silly install generateActionsToTake
217 silly generateActionsToTake Finishing
218 silly diffTrees action count 2
219 silly diffTrees add gifsicle@0.1.7
220 silly diffTrees add grunt-contrib-imagemin@0.2.1
221 silly decomposeActions action count 16
222 silly decomposeActions fetch gifsicle@0.1.7
223 silly decomposeActions extract gifsicle@0.1.7
224 silly decomposeActions test gifsicle@0.1.7
225 silly decomposeActions preinstall gifsicle@0.1.7
226 silly decomposeActions build gifsicle@0.1.7
227 silly decomposeActions install gifsicle@0.1.7
228 silly decomposeActions postinstall gifsicle@0.1.7
229 silly decomposeActions finalize gifsicle@0.1.7
230 silly decomposeActions fetch grunt-contrib-imagemin@0.2.1
231 silly decomposeActions extract grunt-contrib-imagemin@0.2.1
232 silly decomposeActions test grunt-contrib-imagemin@0.2.1
233 silly decomposeActions preinstall grunt-contrib-imagemin@0.2.1
234 silly decomposeActions build grunt-contrib-imagemin@0.2.1
235 silly decomposeActions install grunt-contrib-imagemin@0.2.1
236 silly decomposeActions postinstall grunt-contrib-imagemin@0.2.1
237 silly decomposeActions finalize grunt-contrib-imagemin@0.2.1
238 silly runTopLevelLifecycles Starting
239 silly executeActions Starting
240 silly install executeActions
241 silly doSerial global-install 0
242 silly doParallel fetch 2
243 verbose correctMkdir /Users/kennethlau/.npm/_locks correctMkdir not in flight; initializing
244 verbose lock using /Users/kennethlau/.npm/_locks/staging-6eb05712428eecee.lock for /Users/kennethlau/Documents/git/tech-writing-blog/node_modules/.staging
245 silly doParallel extract 2
246 silly extract gifsicle@0.1.7
247 silly extract grunt-contrib-imagemin@0.2.1
248 verbose unbuild node_modules/.staging/grunt-contrib-imagemin-2a13ee55
249 verbose unbuild node_modules/.staging/gifsicle-a27a1c62
250 silly gentlyRm /Users/kennethlau/Documents/git/tech-writing-blog/node_modules/.staging/grunt-contrib-imagemin-2a13ee55 is being purged from base /Users/kennethlau/Documents/git/tech-writing-blog
251 verbose gentlyRm don't care about contents; nuking /Users/kennethlau/Documents/git/tech-writing-blog/node_modules/.staging/grunt-contrib-imagemin-2a13ee55
252 silly gentlyRm /Users/kennethlau/Documents/git/tech-writing-blog/node_modules/.staging/gifsicle-a27a1c62 is being purged from base /Users/kennethlau/Documents/git/tech-writing-blog
253 verbose gentlyRm don't care about contents; nuking /Users/kennethlau/Documents/git/tech-writing-blog/node_modules/.staging/gifsicle-a27a1c62
254 verbose tar unpack /Users/kennethlau/.npm/grunt-contrib-imagemin/0.2.1/package.tgz
255 verbose tar unpacking to /Users/kennethlau/Documents/git/tech-writing-blog/node_modules/.staging/grunt-contrib-imagemin-2a13ee55
256 silly gentlyRm /Users/kennethlau/Documents/git/tech-writing-blog/node_modules/.staging/grunt-contrib-imagemin-2a13ee55 is being purged
257 verbose gentlyRm don't care about contents; nuking /Users/kennethlau/Documents/git/tech-writing-blog/node_modules/.staging/grunt-contrib-imagemin-2a13ee55
258 verbose tar unpack /Users/kennethlau/.npm/gifsicle/0.1.7/package.tgz
259 verbose tar unpacking to /Users/kennethlau/Documents/git/tech-writing-blog/node_modules/.staging/gifsicle-a27a1c62
260 silly gentlyRm /Users/kennethlau/Documents/git/tech-writing-blog/node_modules/.staging/gifsicle-a27a1c62 is being purged
261 verbose gentlyRm don't care about contents; nuking /Users/kennethlau/Documents/git/tech-writing-blog/node_modules/.staging/gifsicle-a27a1c62
262 silly gunzTarPerm modes [ '755', '644' ]
263 silly gunzTarPerm modes [ '755', '644' ]
264 silly gunzTarPerm extractEntry package.json
265 silly gunzTarPerm extractEntry package.json
266 silly gunzTarPerm modified mode [ 'package.json', 438, 420 ]
267 silly gunzTarPerm extractEntry README.md
268 silly gunzTarPerm extractEntry tasks/imagemin.js
269 silly gunzTarPerm extractEntry README.md
270 silly gunzTarPerm modified mode [ 'README.md', 438, 420 ]
271 silly gunzTarPerm extractEntry cli.js
272 silly gunzTarPerm modified mode [ 'cli.js', 438, 420 ]
273 silly gunzTarPerm extractEntry index.js
274 silly gunzTarPerm modified mode [ 'index.js', 438, 420 ]
275 silly gentlyRm /Users/kennethlau/Documents/git/tech-writing-blog/node_modules/.staging/grunt-contrib-imagemin-2a13ee55/node_modules is being purged
276 verbose gentlyRm don't care about contents; nuking /Users/kennethlau/Documents/git/tech-writing-blog/node_modules/.staging/grunt-contrib-imagemin-2a13ee55/node_modules
277 silly gentlyRm /Users/kennethlau/Documents/git/tech-writing-blog/node_modules/.staging/gifsicle-a27a1c62/node_modules is being purged
278 verbose gentlyRm don't care about contents; nuking /Users/kennethlau/Documents/git/tech-writing-blog/node_modules/.staging/gifsicle-a27a1c62/node_modules
279 silly doParallel preinstall 2
280 silly preinstall gifsicle@0.1.7 /Users/kennethlau/Documents/git/tech-writing-blog/node_modules/.staging/gifsicle-a27a1c62
281 info lifecycle gifsicle@0.1.7~preinstall: gifsicle@0.1.7
282 silly preinstall grunt-contrib-imagemin@0.2.1 /Users/kennethlau/Documents/git/tech-writing-blog/node_modules/.staging/grunt-contrib-imagemin-2a13ee55
283 info lifecycle grunt-contrib-imagemin@0.2.1~preinstall: grunt-contrib-imagemin@0.2.1
284 silly lifecycle gifsicle@0.1.7~preinstall: no script for preinstall, continuing
285 silly lifecycle grunt-contrib-imagemin@0.2.1~preinstall: no script for preinstall, continuing
286 silly doReverseSerial remove 0
287 silly doSerial move 0
288 silly doSerial finalize 2
289 silly finalize /Users/kennethlau/Documents/git/tech-writing-blog/node_modules/gifsicle
290 silly finalize /Users/kennethlau/Documents/git/tech-writing-blog/node_modules/grunt-contrib-imagemin
291 silly doSerial build 2
292 silly build gifsicle@0.1.7
293 info linkStuff gifsicle@0.1.7
294 silly linkStuff gifsicle@0.1.7 has /Users/kennethlau/Documents/git/tech-writing-blog/node_modules as its parent node_modules
295 verbose linkBins gifsicle@0.1.7
296 verbose linkBins [ { gifsicle: 'cli.js' },
296 verbose linkBins   '/Users/kennethlau/Documents/git/tech-writing-blog/node_modules/.bin',
296 verbose linkBins   false ]
297 verbose linkMans gifsicle@0.1.7
298 silly build grunt-contrib-imagemin@0.2.1
299 info linkStuff grunt-contrib-imagemin@0.2.1
300 silly linkStuff grunt-contrib-imagemin@0.2.1 has /Users/kennethlau/Documents/git/tech-writing-blog/node_modules as its parent node_modules
301 verbose linkBins grunt-contrib-imagemin@0.2.1
302 verbose linkMans grunt-contrib-imagemin@0.2.1
303 silly doSerial global-link 0
304 silly doParallel update-linked 0
305 silly doSerial install 2
306 silly install gifsicle@0.1.7 /Users/kennethlau/Documents/git/tech-writing-blog/node_modules/.staging/gifsicle-a27a1c62
307 info lifecycle gifsicle@0.1.7~install: gifsicle@0.1.7
308 silly lifecycle gifsicle@0.1.7~install: no script for install, continuing
309 silly install grunt-contrib-imagemin@0.2.1 /Users/kennethlau/Documents/git/tech-writing-blog/node_modules/.staging/grunt-contrib-imagemin-2a13ee55
310 info lifecycle grunt-contrib-imagemin@0.2.1~install: grunt-contrib-imagemin@0.2.1
311 silly lifecycle grunt-contrib-imagemin@0.2.1~install: no script for install, continuing
312 silly doSerial postinstall 2
313 silly postinstall gifsicle@0.1.7 /Users/kennethlau/Documents/git/tech-writing-blog/node_modules/.staging/gifsicle-a27a1c62
314 info lifecycle gifsicle@0.1.7~postinstall: gifsicle@0.1.7
315 verbose lifecycle gifsicle@0.1.7~postinstall: unsafe-perm in lifecycle true
316 verbose lifecycle gifsicle@0.1.7~postinstall: PATH: /usr/local/lib/node_modules/npm/bin/node-gyp-bin:/Users/kennethlau/Documents/git/tech-writing-blog/node_modules/gifsicle/node_modules/.bin:/Users/kennethlau/Documents/git/tech-writing-blog/node_modules/.bin:/Library/Frameworks/Python.framework/Versions/2.7/bin:/usr/local/bin:/usr/bin:/bin:/usr/sbin:/sbin
317 verbose lifecycle gifsicle@0.1.7~postinstall: CWD: /Users/kennethlau/Documents/git/tech-writing-blog/node_modules/gifsicle
318 silly lifecycle gifsicle@0.1.7~postinstall: Args: [ '-c', 'node index.js' ]
319 silly lifecycle gifsicle@0.1.7~postinstall: Returned: code: 1  signal: null
320 info lifecycle gifsicle@0.1.7~postinstall: Failed to exec postinstall script
321 verbose unlock done using /Users/kennethlau/.npm/_locks/staging-6eb05712428eecee.lock for /Users/kennethlau/Documents/git/tech-writing-blog/node_modules/.staging
322 silly rollbackFailedOptional Starting
323 silly rollbackFailedOptional Finishing
324 silly runTopLevelLifecycles Finishing
325 silly install printInstalled
326 warn so-simple-theme@ No license field.
327 verbose If you need help, you may report this error at:
327 verbose     <https://github.com/npm/npm/issues>
328 verbose stack Error: gifsicle@0.1.7 postinstall: `node index.js`
328 verbose stack Exit status 1
328 verbose stack     at EventEmitter.<anonymous> (/usr/local/lib/node_modules/npm/lib/utils/lifecycle.js:279:16)
328 verbose stack     at emitTwo (events.js:106:13)
328 verbose stack     at EventEmitter.emit (events.js:191:7)
328 verbose stack     at ChildProcess.<anonymous> (/usr/local/lib/node_modules/npm/lib/utils/spawn.js:40:14)
328 verbose stack     at emitTwo (events.js:106:13)
328 verbose stack     at ChildProcess.emit (events.js:191:7)
328 verbose stack     at maybeClose (internal/child_process.js:877:16)
328 verbose stack     at Process.ChildProcess._handle.onexit (internal/child_process.js:226:5)
329 verbose pkgid gifsicle@0.1.7
330 verbose cwd /Users/kennethlau/Documents/git/tech-writing-blog
331 error Darwin 16.3.0
332 error argv "/usr/local/bin/node" "/usr/local/bin/npm" "update"
333 error node v6.9.1
334 error npm  v4.0.2
335 error code ELIFECYCLE
336 error gifsicle@0.1.7 postinstall: `node index.js`
336 error Exit status 1
337 error Failed at the gifsicle@0.1.7 postinstall script 'node index.js'.
337 error Make sure you have the latest version of node.js and npm installed.
337 error If you do, this is most likely a problem with the gifsicle package,
337 error not with npm itself.
337 error Tell the author that this fails on your system:
337 error     node index.js
337 error You can get information on how to open an issue for this project with:
337 error     npm bugs gifsicle
337 error Or if that isn't available, you can get their info via:
337 error     npm owner ls gifsicle
337 error There is likely additional logging output above.
338 verbose exit [ 1, true ]
